  main.cpp
C:\Users\alber\Desktop\C. Gráfica\Proyecto\ProyectoGrafica\include\shader_m.h(44,40): warning C4101: 'e': variable local sin referencia
C:\Users\alber\Desktop\C. Gráfica\Proyecto\ProyectoGrafica\include\modelAnim.h(104,44): warning C4244: '=': conversión de 'double' a 'float'; posible pérdida de datos
C:\Users\alber\Desktop\C. Gráfica\Proyecto\ProyectoGrafica\include\modelAnim.h(520,24): warning C4244: 'inicializando': conversión de 'double' a 'float'; posible pérdida de datos
C:\Users\alber\Desktop\C. Gráfica\Proyecto\ProyectoGrafica\main.cpp(167,25): warning C4244: '=': conversión de 'double' a 'T'; posible pérdida de datos
          with
          [
              T=float
          ]
C:\Users\alber\Desktop\C. Gráfica\Proyecto\ProyectoGrafica\main.cpp(168,25): warning C4244: '=': conversión de 'double' a 'T'; posible pérdida de datos
          with
          [
              T=float
          ]
C:\Users\alber\Desktop\C. Gráfica\Proyecto\ProyectoGrafica\main.cpp(171,22): warning C4244: '=': conversión de 'double' a 'T'; posible pérdida de datos
          with
          [
              T=float
          ]
C:\Users\alber\Desktop\C. Gráfica\Proyecto\ProyectoGrafica\main.cpp(172,25): warning C4244: '=': conversión de 'double' a 'T'; posible pérdida de datos
          with
          [
              T=float
          ]
C:\Users\alber\Desktop\C. Gráfica\Proyecto\ProyectoGrafica\main.cpp(202,25): warning C4244: '=': conversión de 'double' a 'T'; posible pérdida de datos
          with
          [
              T=float
          ]
C:\Users\alber\Desktop\C. Gráfica\Proyecto\ProyectoGrafica\main.cpp(203,25): warning C4244: '=': conversión de 'double' a 'T'; posible pérdida de datos
          with
          [
              T=float
          ]
C:\Users\alber\Desktop\C. Gráfica\Proyecto\ProyectoGrafica\main.cpp(239,22): warning C4305: '+=': truncamiento de 'double' a 'float'
C:\Users\alber\Desktop\C. Gráfica\Proyecto\ProyectoGrafica\main.cpp(240,22): warning C4305: '+=': truncamiento de 'double' a 'float'
C:\Users\alber\Desktop\C. Gráfica\Proyecto\ProyectoGrafica\main.cpp(241,22): warning C4305: '+=': truncamiento de 'double' a 'float'
C:\Users\alber\Desktop\C. Gráfica\Proyecto\ProyectoGrafica\main.cpp(242,28): warning C4305: '+=': truncamiento de 'double' a 'float'
C:\Users\alber\Desktop\C. Gráfica\Proyecto\ProyectoGrafica\main.cpp(251,22): warning C4305: '-=': truncamiento de 'double' a 'float'
C:\Users\alber\Desktop\C. Gráfica\Proyecto\ProyectoGrafica\main.cpp(252,22): warning C4305: '-=': truncamiento de 'double' a 'float'
C:\Users\alber\Desktop\C. Gráfica\Proyecto\ProyectoGrafica\main.cpp(253,22): warning C4305: '-=': truncamiento de 'double' a 'float'
C:\Users\alber\Desktop\C. Gráfica\Proyecto\ProyectoGrafica\main.cpp(254,26): warning C4305: '+=': truncamiento de 'double' a 'float'
C:\Users\alber\Desktop\C. Gráfica\Proyecto\ProyectoGrafica\main.cpp(263,22): warning C4305: '+=': truncamiento de 'double' a 'float'
C:\Users\alber\Desktop\C. Gráfica\Proyecto\ProyectoGrafica\main.cpp(264,22): warning C4305: '+=': truncamiento de 'double' a 'float'
C:\Users\alber\Desktop\C. Gráfica\Proyecto\ProyectoGrafica\main.cpp(265,22): warning C4305: '+=': truncamiento de 'double' a 'float'
C:\Users\alber\Desktop\C. Gráfica\Proyecto\ProyectoGrafica\main.cpp(266,26): warning C4305: '+=': truncamiento de 'double' a 'float'
C:\Users\alber\Desktop\C. Gráfica\Proyecto\ProyectoGrafica\main.cpp(313,25): warning C4305: '+=': truncamiento de 'double' a 'float'
C:\Users\alber\Desktop\C. Gráfica\Proyecto\ProyectoGrafica\main.cpp(314,28): warning C4305: '+=': truncamiento de 'double' a 'float'
C:\Users\alber\Desktop\C. Gráfica\Proyecto\ProyectoGrafica\main.cpp(323,25): warning C4305: '-=': truncamiento de 'double' a 'float'
C:\Users\alber\Desktop\C. Gráfica\Proyecto\ProyectoGrafica\main.cpp(324,26): warning C4305: '+=': truncamiento de 'double' a 'float'
C:\Users\alber\Desktop\C. Gráfica\Proyecto\ProyectoGrafica\main.cpp(333,25): warning C4305: '+=': truncamiento de 'double' a 'float'
C:\Users\alber\Desktop\C. Gráfica\Proyecto\ProyectoGrafica\main.cpp(334,26): warning C4305: '+=': truncamiento de 'double' a 'float'
C:\Users\alber\Desktop\C. Gráfica\Proyecto\ProyectoGrafica\main.cpp(351,28): warning C4244: '=': conversión de 'double' a 'T'; posible pérdida de datos
          with
          [
              T=float
          ]
C:\Users\alber\Desktop\C. Gráfica\Proyecto\ProyectoGrafica\main.cpp(352,28): warning C4244: '=': conversión de 'double' a 'T'; posible pérdida de datos
          with
          [
              T=float
          ]
C:\Users\alber\Desktop\C. Gráfica\Proyecto\ProyectoGrafica\main.cpp(353,24): warning C4305: '+=': truncamiento de 'double' a 'float'
C:\Users\alber\Desktop\C. Gráfica\Proyecto\ProyectoGrafica\main.cpp(354,28): warning C4305: '+=': truncamiento de 'double' a 'float'
C:\Users\alber\Desktop\C. Gráfica\Proyecto\ProyectoGrafica\main.cpp(360,21): warning C4305: '+=': truncamiento de 'double' a 'float'
C:\Users\alber\Desktop\C. Gráfica\Proyecto\ProyectoGrafica\main.cpp(370,21): warning C4305: '-=': truncamiento de 'double' a 'float'
C:\Users\alber\Desktop\C. Gráfica\Proyecto\ProyectoGrafica\main.cpp(2109,11): warning C4244: '=': conversión de 'double' a 'float'; posible pérdida de datos
C:\Users\alber\Desktop\C. Gráfica\Proyecto\ProyectoGrafica\main.cpp(2110,11): warning C4244: '=': conversión de 'double' a 'float'; posible pérdida de datos
C:\Users\alber\Desktop\C. Gráfica\Proyecto\ProyectoGrafica\main.cpp(2114,16): warning C4244: 'inicializando': conversión de 'double' a 'float'; posible pérdida de datos
C:\Users\alber\Desktop\C. Gráfica\Proyecto\ProyectoGrafica\main.cpp(2115,16): warning C4244: 'inicializando': conversión de 'double' a 'float'; posible pérdida de datos
C:\Users\alber\Desktop\C. Gráfica\Proyecto\ProyectoGrafica\main.cpp(2117,10): warning C4244: '=': conversión de 'double' a 'float'; posible pérdida de datos
C:\Users\alber\Desktop\C. Gráfica\Proyecto\ProyectoGrafica\main.cpp(2118,10): warning C4244: '=': conversión de 'double' a 'float'; posible pérdida de datos
C:\Users\alber\Desktop\C. Gráfica\Proyecto\ProyectoGrafica\main.cpp(2126,28): warning C4244: 'argumento': conversión de 'double' a 'float'; posible pérdida de datos
glfw3.lib(context.obj) : warning LNK4099: no se encontró PDB 'glfw.pdb' con 'glfw3.lib(context.obj)' o en 'C:\Users\alber\Desktop\C. Gráfica\Proyecto\ProyectoGrafica\Debug\glfw.pdb'; se vinculará el objeto sin tener en cuenta información de depuración
glfw3.lib(init.obj) : warning LNK4099: no se encontró PDB 'glfw.pdb' con 'glfw3.lib(init.obj)' o en 'C:\Users\alber\Desktop\C. Gráfica\Proyecto\ProyectoGrafica\Debug\glfw.pdb'; se vinculará el objeto sin tener en cuenta información de depuración
glfw3.lib(input.obj) : warning LNK4099: no se encontró PDB 'glfw.pdb' con 'glfw3.lib(input.obj)' o en 'C:\Users\alber\Desktop\C. Gráfica\Proyecto\ProyectoGrafica\Debug\glfw.pdb'; se vinculará el objeto sin tener en cuenta información de depuración
glfw3.lib(monitor.obj) : warning LNK4099: no se encontró PDB 'glfw.pdb' con 'glfw3.lib(monitor.obj)' o en 'C:\Users\alber\Desktop\C. Gráfica\Proyecto\ProyectoGrafica\Debug\glfw.pdb'; se vinculará el objeto sin tener en cuenta información de depuración
glfw3.lib(vulkan.obj) : warning LNK4099: no se encontró PDB '' con 'glfw3.lib(vulkan.obj)' o en ''; se vinculará el objeto sin tener en cuenta información de depuración
glfw3.lib(window.obj) : warning LNK4099: no se encontró PDB 'glfw.pdb' con 'glfw3.lib(window.obj)' o en 'C:\Users\alber\Desktop\C. Gráfica\Proyecto\ProyectoGrafica\Debug\glfw.pdb'; se vinculará el objeto sin tener en cuenta información de depuración
glfw3.lib(win32_init.obj) : warning LNK4099: no se encontró PDB 'glfw.pdb' con 'glfw3.lib(win32_init.obj)' o en 'C:\Users\alber\Desktop\C. Gráfica\Proyecto\ProyectoGrafica\Debug\glfw.pdb'; se vinculará el objeto sin tener en cuenta información de depuración
glfw3.lib(win32_joystick.obj) : warning LNK4099: no se encontró PDB 'glfw.pdb' con 'glfw3.lib(win32_joystick.obj)' o en 'C:\Users\alber\Desktop\C. Gráfica\Proyecto\ProyectoGrafica\Debug\glfw.pdb'; se vinculará el objeto sin tener en cuenta información de depuración
glfw3.lib(win32_monitor.obj) : warning LNK4099: no se encontró PDB 'glfw.pdb' con 'glfw3.lib(win32_monitor.obj)' o en 'C:\Users\alber\Desktop\C. Gráfica\Proyecto\ProyectoGrafica\Debug\glfw.pdb'; se vinculará el objeto sin tener en cuenta información de depuración
glfw3.lib(win32_time.obj) : warning LNK4099: no se encontró PDB 'glfw.pdb' con 'glfw3.lib(win32_time.obj)' o en 'C:\Users\alber\Desktop\C. Gráfica\Proyecto\ProyectoGrafica\Debug\glfw.pdb'; se vinculará el objeto sin tener en cuenta información de depuración
glfw3.lib(win32_thread.obj) : warning LNK4099: no se encontró PDB 'glfw.pdb' con 'glfw3.lib(win32_thread.obj)' o en 'C:\Users\alber\Desktop\C. Gráfica\Proyecto\ProyectoGrafica\Debug\glfw.pdb'; se vinculará el objeto sin tener en cuenta información de depuración
glfw3.lib(win32_window.obj) : warning LNK4099: no se encontró PDB 'glfw.pdb' con 'glfw3.lib(win32_window.obj)' o en 'C:\Users\alber\Desktop\C. Gráfica\Proyecto\ProyectoGrafica\Debug\glfw.pdb'; se vinculará el objeto sin tener en cuenta información de depuración
glfw3.lib(wgl_context.obj) : warning LNK4099: no se encontró PDB '' con 'glfw3.lib(wgl_context.obj)' o en ''; se vinculará el objeto sin tener en cuenta información de depuración
glfw3.lib(egl_context.obj) : warning LNK4099: no se encontró PDB 'glfw.pdb' con 'glfw3.lib(egl_context.obj)' o en 'C:\Users\alber\Desktop\C. Gráfica\Proyecto\ProyectoGrafica\Debug\glfw.pdb'; se vinculará el objeto sin tener en cuenta información de depuración
glfw3.lib(osmesa_context.obj) : warning LNK4099: no se encontró PDB 'glfw.pdb' con 'glfw3.lib(osmesa_context.obj)' o en 'C:\Users\alber\Desktop\C. Gráfica\Proyecto\ProyectoGrafica\Debug\glfw.pdb'; se vinculará el objeto sin tener en cuenta información de depuración
  ProyectoGrafica.vcxproj -> C:\Users\alber\Desktop\C. Gráfica\Proyecto\ProyectoGrafica\Debug\ProyectoGrafica.exe
